[ 2016-09-18T14:17:21+08:00 ] 10.199.225.38 /bookmanagersystem/
INFO: [ app_init ] --START--
INFO: Run Behavior\BuildLiteBehavior [ RunTime:0.000025s ]
INFO: [ app_init ] --END-- [ RunTime:0.009144s ]
INFO: [ app_begin ] --START--
INFO: Run Behavior\ReadHtmlCacheBehavior [ RunTime:0.011822s ]
INFO: [ app_begin ] --END-- [ RunTime:0.011940s ]
SQL: SHOW COLUMNS FROM `bms_notice` [ RunTime:0.0396s ]
SQL: SELECT * FROM `bms_notice` ORDER BY time_stamp desc LIMIT 0,1   [ RunTime:0.0005s ]
SQL: SHOW COLUMNS FROM `bms_book` [ RunTime:0.0217s ]
SQL: SELECT COUNT(*) AS tp_count FROM `bms_book` LIMIT 1   [ RunTime:0.0007s ]
SQL: SELECT `guid`,`reg_time_date`,`title`,`author`,`description`,`image`,`tag` FROM `bms_book` ORDER BY reg_time_stamp desc LIMIT 0,6   [ RunTime:0.0004s ]
SQL: SHOW COLUMNS FROM `bms_comments` [ RunTime:0.0168s ]
SQL: SELECT * FROM `bms_comments` WHERE ( ischeck = 1 ) ORDER BY time_stamp desc LIMIT 0,3   [ RunTime:0.0005s ]
INFO: [ view_parse ] --START--
INFO: [ template_filter ] --START--
INFO: Run Behavior\ContentReplaceBehavior [ RunTime:0.000109s ]
INFO: [ template_filter ] --END-- [ RunTime:0.000166s ]
INFO: Run Behavior\ParseTemplateBehavior [ RunTime:0.088649s ]
INFO: [ view_parse ] --END-- [ RunTime:0.088718s ]
INFO: [ view_filter ] --START--
INFO: Run Behavior\WriteHtmlCacheBehavior [ RunTime:0.005503s ]
INFO: [ view_filter ] --END-- [ RunTime:0.005568s ]
INFO: [ app_end ] --START--
INFO: Run Behavior\ShowPageTraceBehavior [ RunTime:0.008991s ]
INFO: [ app_end ] --END-- [ RunTime:0.009056s ]

[ 2016-09-18T14:17:47+08:00 ] 10.199.225.38 /bookmanagersystem/Home/Admin/
INFO: [ app_init ] --START--
INFO: Run Behavior\BuildLiteBehavior [ RunTime:0.000018s ]
INFO: [ app_init ] --END-- [ RunTime:0.000363s ]
INFO: [ app_begin ] --START--
INFO: Run Behavior\ReadHtmlCacheBehavior [ RunTime:0.000868s ]
INFO: [ app_begin ] --END-- [ RunTime:0.000947s ]

[ 2016-09-18T14:17:47+08:00 ] 10.199.225.38 /BookManagerSystem/Home/Login/index.html
INFO: [ app_init ] --START--
INFO: Run Behavior\BuildLiteBehavior [ RunTime:0.000028s ]
INFO: [ app_init ] --END-- [ RunTime:0.000196s ]
INFO: [ app_begin ] --START--
INFO: Run Behavior\ReadHtmlCacheBehavior [ RunTime:0.001099s ]
INFO: [ app_begin ] --END-- [ RunTime:0.001237s ]
INFO: [ view_parse ] --START--
INFO: [ template_filter ] --START--
INFO: Run Behavior\ContentReplaceBehavior [ RunTime:0.000141s ]
INFO: [ template_filter ] --END-- [ RunTime:0.000279s ]
INFO: Run Behavior\ParseTemplateBehavior [ RunTime:0.034319s ]
INFO: [ view_parse ] --END-- [ RunTime:0.034489s ]
INFO: [ view_filter ] --START--
INFO: Run Behavior\WriteHtmlCacheBehavior [ RunTime:0.001471s ]
INFO: [ view_filter ] --END-- [ RunTime:0.001572s ]
INFO: [ app_end ] --START--
INFO: Run Behavior\ShowPageTraceBehavior [ RunTime:0.001402s ]
INFO: [ app_end ] --END-- [ RunTime:0.001505s ]

[ 2016-09-18T14:17:52+08:00 ] 10.199.225.38 /BookManagerSystem/Home/Login/loginCheck
INFO: [ app_init ] --START--
INFO: Run Behavior\BuildLiteBehavior [ RunTime:0.000017s ]
INFO: [ app_init ] --END-- [ RunTime:0.000286s ]
INFO: [ app_begin ] --START--
INFO: Run Behavior\ReadHtmlCacheBehavior [ RunTime:0.000608s ]
INFO: [ app_begin ] --END-- [ RunTime:0.000680s ]
SQL: SELECT * FROM bms_admin WHERE name='admin' [ RunTime:0.0537s ]

[ 2016-09-18T14:17:52+08:00 ] 10.199.225.38 /BookManagerSystem/Home/Admin/index.html
INFO: [ app_init ] --START--
INFO: Run Behavior\BuildLiteBehavior [ RunTime:0.000016s ]
INFO: [ app_init ] --END-- [ RunTime:0.000113s ]
INFO: [ app_begin ] --START--
INFO: Run Behavior\ReadHtmlCacheBehavior [ RunTime:0.000361s ]
INFO: [ app_begin ] --END-- [ RunTime:0.000431s ]
SQL: SELECT * FROM bms_notice ORDER BY time_stamp desc LIMIT 0,1 [ RunTime:0.0008s ]
SQL: SELECT * FROM bms_comments WHERE ischeck=0 ORDER BY time_stamp desc  [ RunTime:0.0005s ]
INFO: [ view_parse ] --START--
INFO: [ template_filter ] --START--
INFO: Run Behavior\ContentReplaceBehavior [ RunTime:0.000198s ]
INFO: [ template_filter ] --END-- [ RunTime:0.000312s ]
INFO: Run Behavior\ParseTemplateBehavior [ RunTime:0.018363s ]
INFO: [ view_parse ] --END-- [ RunTime:0.018501s ]
INFO: [ view_filter ] --START--
INFO: Run Behavior\WriteHtmlCacheBehavior [ RunTime:0.000892s ]
INFO: [ view_filter ] --END-- [ RunTime:0.000993s ]
INFO: [ app_end ] --START--
INFO: Run Behavior\ShowPageTraceBehavior [ RunTime:0.000790s ]
INFO: [ app_end ] --END-- [ RunTime:0.000902s ]

[ 2016-09-18T14:17:57+08:00 ] 10.199.225.38 /BookManagerSystem/Home/Admin/comments
INFO: [ app_init ] --START--
INFO: Run Behavior\BuildLiteBehavior [ RunTime:0.000019s ]
INFO: [ app_init ] --END-- [ RunTime:0.000263s ]
INFO: [ app_begin ] --START--
INFO: Run Behavior\ReadHtmlCacheBehavior [ RunTime:0.000399s ]
INFO: [ app_begin ] --END-- [ RunTime:0.000480s ]
SQL: SHOW COLUMNS FROM `bms_comments` [ RunTime:0.0044s ]
SQL: SELECT COUNT(*) AS tp_count FROM `bms_comments` LIMIT 1   [ RunTime:0.0004s ]
SQL: SELECT * FROM `bms_comments` ORDER BY ischeck ,time_stamp desc LIMIT 0,25   [ RunTime:0.0008s ]
INFO: [ view_parse ] --START--
INFO: [ template_filter ] --START--
INFO: Run Behavior\ContentReplaceBehavior [ RunTime:0.000138s ]
INFO: [ template_filter ] --END-- [ RunTime:0.000216s ]
INFO: Run Behavior\ParseTemplateBehavior [ RunTime:0.019838s ]
INFO: [ view_parse ] --END-- [ RunTime:0.019940s ]
INFO: [ view_filter ] --START--
INFO: Run Behavior\WriteHtmlCacheBehavior [ RunTime:0.000461s ]
INFO: [ view_filter ] --END-- [ RunTime:0.000529s ]
INFO: [ app_end ] --START--
INFO: Run Behavior\ShowPageTraceBehavior [ RunTime:0.000554s ]
INFO: [ app_end ] --END-- [ RunTime:0.000629s ]

[ 2016-09-18T14:18:00+08:00 ] 10.199.225.38 /BookManagerSystem/Home/Admin/check/comment/13B94CBBE4D0375D18F74431AEE2885B
INFO: [ app_init ] --START--
INFO: Run Behavior\BuildLiteBehavior [ RunTime:0.000021s ]
INFO: [ app_init ] --END-- [ RunTime:0.000266s ]
INFO: [ app_begin ] --START--
INFO: Run Behavior\ReadHtmlCacheBehavior [ RunTime:0.000402s ]
INFO: [ app_begin ] --END-- [ RunTime:0.000481s ]
SQL: SHOW COLUMNS FROM `bms_comments` [ RunTime:0.0039s ]
SQL: SELECT * FROM `bms_comments` WHERE ( guid='13B94CBBE4D0375D18F74431AEE2885B' )  [ RunTime:0.0005s ]
SQL: UPDATE `bms_comments` SET `ischeck`='0' WHERE ( guid='13B94CBBE4D0375D18F74431AEE2885B' ) [ RunTime:0.0420s ]

[ 2016-09-18T14:18:00+08:00 ] 10.199.225.38 /BookManagerSystem/Home/Admin/comments.html
INFO: [ app_init ] --START--
INFO: Run Behavior\BuildLiteBehavior [ RunTime:0.000012s ]
INFO: [ app_init ] --END-- [ RunTime:0.000090s ]
INFO: [ app_begin ] --START--
INFO: Run Behavior\ReadHtmlCacheBehavior [ RunTime:0.000199s ]
INFO: [ app_begin ] --END-- [ RunTime:0.000253s ]
SQL: SHOW COLUMNS FROM `bms_comments` [ RunTime:0.0028s ]
SQL: SELECT COUNT(*) AS tp_count FROM `bms_comments` LIMIT 1   [ RunTime:0.0002s ]
SQL: SELECT * FROM `bms_comments` ORDER BY ischeck ,time_stamp desc LIMIT 0,25   [ RunTime:0.0004s ]
INFO: [ view_parse ] --START--
INFO: [ template_filter ] --START--
INFO: Run Behavior\ContentReplaceBehavior [ RunTime:0.000097s ]
INFO: [ template_filter ] --END-- [ RunTime:0.000147s ]
INFO: Run Behavior\ParseTemplateBehavior [ RunTime:0.008971s ]
INFO: [ view_parse ] --END-- [ RunTime:0.009032s ]
INFO: [ view_filter ] --START--
INFO: Run Behavior\WriteHtmlCacheBehavior [ RunTime:0.000299s ]
INFO: [ view_filter ] --END-- [ RunTime:0.000342s ]
INFO: [ app_end ] --START--
INFO: Run Behavior\ShowPageTraceBehavior [ RunTime:0.000351s ]
INFO: [ app_end ] --END-- [ RunTime:0.000402s ]

[ 2016-09-18T14:18:00+08:00 ] 10.199.225.38 /BookManagerSystem/Home/Admin/check/comment/13B94CBBE4D0375D18F74431AEE2885B
INFO: [ app_init ] --START--
INFO: Run Behavior\BuildLiteBehavior [ RunTime:0.000012s ]
INFO: [ app_init ] --END-- [ RunTime:0.000090s ]
INFO: [ app_begin ] --START--
INFO: Run Behavior\ReadHtmlCacheBehavior [ RunTime:0.000201s ]
INFO: [ app_begin ] --END-- [ RunTime:0.000254s ]
SQL: SHOW COLUMNS FROM `bms_comments` [ RunTime:0.0029s ]
SQL: SELECT * FROM `bms_comments` WHERE ( guid='13B94CBBE4D0375D18F74431AEE2885B' )  [ RunTime:0.0003s ]
SQL: UPDATE `bms_comments` SET `ischeck`='1' WHERE ( guid='13B94CBBE4D0375D18F74431AEE2885B' ) [ RunTime:0.0460s ]

[ 2016-09-18T14:18:00+08:00 ] 10.199.225.38 /BookManagerSystem/Home/Admin/comments.html
INFO: [ app_init ] --START--
INFO: Run Behavior\BuildLiteBehavior [ RunTime:0.000012s ]
INFO: [ app_init ] --END-- [ RunTime:0.000090s ]
INFO: [ app_begin ] --START--
INFO: Run Behavior\ReadHtmlCacheBehavior [ RunTime:0.000203s ]
INFO: [ app_begin ] --END-- [ RunTime:0.000258s ]
SQL: SHOW COLUMNS FROM `bms_comments` [ RunTime:0.0027s ]
SQL: SELECT COUNT(*) AS tp_count FROM `bms_comments` LIMIT 1   [ RunTime:0.0002s ]
SQL: SELECT * FROM `bms_comments` ORDER BY ischeck ,time_stamp desc LIMIT 0,25   [ RunTime:0.0004s ]
INFO: [ view_parse ] --START--
INFO: [ template_filter ] --START--
INFO: Run Behavior\ContentReplaceBehavior [ RunTime:0.000097s ]
INFO: [ template_filter ] --END-- [ RunTime:0.000146s ]
INFO: Run Behavior\ParseTemplateBehavior [ RunTime:0.008594s ]
INFO: [ view_parse ] --END-- [ RunTime:0.008654s ]
INFO: [ view_filter ] --START--
INFO: Run Behavior\WriteHtmlCacheBehavior [ RunTime:0.000225s ]
INFO: [ view_filter ] --END-- [ RunTime:0.000268s ]
INFO: [ app_end ] --START--
INFO: Run Behavior\ShowPageTraceBehavior [ RunTime:0.000289s ]
INFO: [ app_end ] --END-- [ RunTime:0.000340s ]

[ 2016-09-18T14:18:01+08:00 ] 10.199.225.38 /BookManagerSystem/Home/Admin/check/comment/13B94CBBE4D0375D18F74431AEE2885B
INFO: [ app_init ] --START--
INFO: Run Behavior\BuildLiteBehavior [ RunTime:0.000026s ]
INFO: [ app_init ] --END-- [ RunTime:0.000191s ]
INFO: [ app_begin ] --START--
INFO: Run Behavior\ReadHtmlCacheBehavior [ RunTime:0.000444s ]
INFO: [ app_begin ] --END-- [ RunTime:0.000563s ]
SQL: SHOW COLUMNS FROM `bms_comments` [ RunTime:0.0059s ]
SQL: SELECT * FROM `bms_comments` WHERE ( guid='13B94CBBE4D0375D18F74431AEE2885B' )  [ RunTime:0.0008s ]
SQL: UPDATE `bms_comments` SET `ischeck`='0' WHERE ( guid='13B94CBBE4D0375D18F74431AEE2885B' ) [ RunTime:0.0386s ]

[ 2016-09-18T14:18:01+08:00 ] 10.199.225.38 /BookManagerSystem/Home/Admin/comments.html
INFO: [ app_init ] --START--
INFO: Run Behavior\BuildLiteBehavior [ RunTime:0.000015s ]
INFO: [ app_init ] --END-- [ RunTime:0.000110s ]
INFO: [ app_begin ] --START--
INFO: Run Behavior\ReadHtmlCacheBehavior [ RunTime:0.000239s ]
INFO: [ app_begin ] --END-- [ RunTime:0.000303s ]
SQL: SHOW COLUMNS FROM `bms_comments` [ RunTime:0.0029s ]
SQL: SELECT COUNT(*) AS tp_count FROM `bms_comments` LIMIT 1   [ RunTime:0.0002s ]
SQL: SELECT * FROM `bms_comments` ORDER BY ischeck ,time_stamp desc LIMIT 0,25   [ RunTime:0.0004s ]
INFO: [ view_parse ] --START--
INFO: [ template_filter ] --START--
INFO: Run Behavior\ContentReplaceBehavior [ RunTime:0.000098s ]
INFO: [ template_filter ] --END-- [ RunTime:0.000150s ]
INFO: Run Behavior\ParseTemplateBehavior [ RunTime:0.008730s ]
INFO: [ view_parse ] --END-- [ RunTime:0.008793s ]
INFO: [ view_filter ] --START--
INFO: Run Behavior\WriteHtmlCacheBehavior [ RunTime:0.000226s ]
INFO: [ view_filter ] --END-- [ RunTime:0.000268s ]
INFO: [ app_end ] --START--
INFO: Run Behavior\ShowPageTraceBehavior [ RunTime:0.000286s ]
INFO: [ app_end ] --END-- [ RunTime:0.000337s ]

[ 2016-09-18T14:18:03+08:00 ] 10.199.225.38 /BookManagerSystem/Home/Admin/check/comment/8A9336B4B12DB411168EBBFAFC6516B1
INFO: [ app_init ] --START--
INFO: Run Behavior\BuildLiteBehavior [ RunTime:0.000030s ]
INFO: [ app_init ] --END-- [ RunTime:0.000443s ]
INFO: [ app_begin ] --START--
INFO: Run Behavior\ReadHtmlCacheBehavior [ RunTime:0.000597s ]
INFO: [ app_begin ] --END-- [ RunTime:0.000720s ]
SQL: SHOW COLUMNS FROM `bms_comments` [ RunTime:0.0031s ]
SQL: SELECT * FROM `bms_comments` WHERE ( guid='8A9336B4B12DB411168EBBFAFC6516B1' )  [ RunTime:0.0003s ]
SQL: UPDATE `bms_comments` SET `ischeck`='0' WHERE ( guid='8A9336B4B12DB411168EBBFAFC6516B1' ) [ RunTime:0.0611s ]

[ 2016-09-18T14:18:03+08:00 ] 10.199.225.38 /BookManagerSystem/Home/Admin/comments.html
INFO: [ app_init ] --START--
INFO: Run Behavior\BuildLiteBehavior [ RunTime:0.000027s ]
INFO: [ app_init ] --END-- [ RunTime:0.000200s ]
INFO: [ app_begin ] --START--
INFO: Run Behavior\ReadHtmlCacheBehavior [ RunTime:0.000452s ]
INFO: [ app_begin ] --END-- [ RunTime:0.000573s ]
SQL: SHOW COLUMNS FROM `bms_comments` [ RunTime:0.0040s ]
SQL: SELECT COUNT(*) AS tp_count FROM `bms_comments` LIMIT 1   [ RunTime:0.0003s ]
SQL: SELECT * FROM `bms_comments` ORDER BY ischeck ,time_stamp desc LIMIT 0,25   [ RunTime:0.0006s ]
INFO: [ view_parse ] --START--
INFO: [ template_filter ] --START--
INFO: Run Behavior\ContentReplaceBehavior [ RunTime:0.000132s ]
INFO: [ template_filter ] --END-- [ RunTime:0.000204s ]
INFO: Run Behavior\ParseTemplateBehavior [ RunTime:0.012424s ]
INFO: [ view_parse ] --END-- [ RunTime:0.012507s ]
INFO: [ view_filter ] --START--
INFO: Run Behavior\WriteHtmlCacheBehavior [ RunTime:0.000408s ]
INFO: [ view_filter ] --END-- [ RunTime:0.000469s ]
INFO: [ app_end ] --START--
INFO: Run Behavior\ShowPageTraceBehavior [ RunTime:0.000503s ]
INFO: [ app_end ] --END-- [ RunTime:0.000575s ]

[ 2016-09-18T14:18:05+08:00 ] 10.199.225.38 /BookManagerSystem/Home/Admin/check/comment/81FFB836EB0166AE91E2B6DAC1E71AB4
INFO: [ app_init ] --START--
INFO: Run Behavior\BuildLiteBehavior [ RunTime:0.000034s ]
INFO: [ app_init ] --END-- [ RunTime:0.000224s ]
INFO: [ app_begin ] --START--
INFO: Run Behavior\ReadHtmlCacheBehavior [ RunTime:0.000483s ]
INFO: [ app_begin ] --END-- [ RunTime:0.000623s ]
SQL: SHOW COLUMNS FROM `bms_comments` [ RunTime:0.0062s ]
SQL: SELECT * FROM `bms_comments` WHERE ( guid='81FFB836EB0166AE91E2B6DAC1E71AB4' )  [ RunTime:0.0008s ]
SQL: UPDATE `bms_comments` SET `ischeck`='0' WHERE ( guid='81FFB836EB0166AE91E2B6DAC1E71AB4' ) [ RunTime:0.1489s ]

[ 2016-09-18T14:18:05+08:00 ] 10.199.225.38 /BookManagerSystem/Home/Admin/comments.html
INFO: [ app_init ] --START--
INFO: Run Behavior\BuildLiteBehavior [ RunTime:0.000027s ]
INFO: [ app_init ] --END-- [ RunTime:0.000193s ]
INFO: [ app_begin ] --START--
INFO: Run Behavior\ReadHtmlCacheBehavior [ RunTime:0.000525s ]
INFO: [ app_begin ] --END-- [ RunTime:0.000645s ]
SQL: SHOW COLUMNS FROM `bms_comments` [ RunTime:0.0063s ]
SQL: SELECT COUNT(*) AS tp_count FROM `bms_comments` LIMIT 1   [ RunTime:0.0005s ]
SQL: SELECT * FROM `bms_comments` ORDER BY ischeck ,time_stamp desc LIMIT 0,25   [ RunTime:0.0010s ]
INFO: [ view_parse ] --START--
INFO: [ template_filter ] --START--
INFO: Run Behavior\ContentReplaceBehavior [ RunTime:0.000214s ]
INFO: [ template_filter ] --END-- [ RunTime:0.000330s ]
INFO: Run Behavior\ParseTemplateBehavior [ RunTime:0.019278s ]
INFO: [ view_parse ] --END-- [ RunTime:0.019412s ]
INFO: [ view_filter ] --START--
INFO: Run Behavior\WriteHtmlCacheBehavior [ RunTime:0.000701s ]
INFO: [ view_filter ] --END-- [ RunTime:0.000780s ]
INFO: [ app_end ] --START--
INFO: Run Behavior\ShowPageTraceBehavior [ RunTime:0.000332s ]
INFO: [ app_end ] --END-- [ RunTime:0.000391s ]

[ 2016-09-18T14:18:06+08:00 ] 10.199.225.38 /BookManagerSystem/Home/Admin/check/comment/F605D28BF57B0E33209EA95871D5C264
INFO: [ app_init ] --START--
INFO: Run Behavior\BuildLiteBehavior [ RunTime:0.000026s ]
INFO: [ app_init ] --END-- [ RunTime:0.000193s ]
INFO: [ app_begin ] --START--
INFO: Run Behavior\ReadHtmlCacheBehavior [ RunTime:0.000448s ]
INFO: [ app_begin ] --END-- [ RunTime:0.000564s ]
SQL: SHOW COLUMNS FROM `bms_comments` [ RunTime:0.0060s ]
SQL: SELECT * FROM `bms_comments` WHERE ( guid='F605D28BF57B0E33209EA95871D5C264' )  [ RunTime:0.0007s ]
SQL: UPDATE `bms_comments` SET `ischeck`='0' WHERE ( guid='F605D28BF57B0E33209EA95871D5C264' ) [ RunTime:0.0577s ]

[ 2016-09-18T14:18:06+08:00 ] 10.199.225.38 /BookManagerSystem/Home/Admin/comments.html
INFO: [ app_init ] --START--
INFO: Run Behavior\BuildLiteBehavior [ RunTime:0.000021s ]
INFO: [ app_init ] --END-- [ RunTime:0.000276s ]
INFO: [ app_begin ] --START--
INFO: Run Behavior\ReadHtmlCacheBehavior [ RunTime:0.000409s ]
INFO: [ app_begin ] --END-- [ RunTime:0.000490s ]
SQL: SHOW COLUMNS FROM `bms_comments` [ RunTime:0.0040s ]
SQL: SELECT COUNT(*) AS tp_count FROM `bms_comments` LIMIT 1   [ RunTime:0.0004s ]
SQL: SELECT * FROM `bms_comments` ORDER BY ischeck ,time_stamp desc LIMIT 0,25   [ RunTime:0.0006s ]
INFO: [ view_parse ] --START--
INFO: [ template_filter ] --START--
INFO: Run Behavior\ContentReplaceBehavior [ RunTime:0.000144s ]
INFO: [ template_filter ] --END-- [ RunTime:0.000222s ]
INFO: Run Behavior\ParseTemplateBehavior [ RunTime:0.013446s ]
INFO: [ view_parse ] --END-- [ RunTime:0.013519s ]
INFO: [ view_filter ] --START--
INFO: Run Behavior\WriteHtmlCacheBehavior [ RunTime:0.000322s ]
INFO: [ view_filter ] --END-- [ RunTime:0.000365s ]
INFO: [ app_end ] --START--
INFO: Run Behavior\ShowPageTraceBehavior [ RunTime:0.000359s ]
INFO: [ app_end ] --END-- [ RunTime:0.000409s ]

[ 2016-09-18T14:18:07+08:00 ] 10.199.225.38 /BookManagerSystem/Home/Admin/check/comment/B1C009C00C61D8E5731B80FC54FF0DA9
INFO: [ app_init ] --START--
INFO: Run Behavior\BuildLiteBehavior [ RunTime:0.000016s ]
INFO: [ app_init ] --END-- [ RunTime:0.000117s ]
INFO: [ app_begin ] --START--
INFO: Run Behavior\ReadHtmlCacheBehavior [ RunTime:0.000248s ]
INFO: [ app_begin ] --END-- [ RunTime:0.000312s ]
SQL: SHOW COLUMNS FROM `bms_comments` [ RunTime:0.0032s ]
SQL: SELECT * FROM `bms_comments` WHERE ( guid='B1C009C00C61D8E5731B80FC54FF0DA9' )  [ RunTime:0.0004s ]
SQL: UPDATE `bms_comments` SET `ischeck`='0' WHERE ( guid='B1C009C00C61D8E5731B80FC54FF0DA9' ) [ RunTime:0.1318s ]

[ 2016-09-18T14:18:07+08:00 ] 10.199.225.38 /BookManagerSystem/Home/Admin/comments.html
INFO: [ app_init ] --START--
INFO: Run Behavior\BuildLiteBehavior [ RunTime:0.000015s ]
INFO: [ app_init ] --END-- [ RunTime:0.000106s ]
INFO: [ app_begin ] --START--
INFO: Run Behavior\ReadHtmlCacheBehavior [ RunTime:0.000240s ]
INFO: [ app_begin ] --END-- [ RunTime:0.000304s ]
SQL: SHOW COLUMNS FROM `bms_comments` [ RunTime:0.0060s ]
SQL: SELECT COUNT(*) AS tp_count FROM `bms_comments` LIMIT 1   [ RunTime:0.0005s ]
SQL: SELECT * FROM `bms_comments` ORDER BY ischeck ,time_stamp desc LIMIT 0,25   [ RunTime:0.0010s ]
INFO: [ view_parse ] --START--
INFO: [ template_filter ] --START--
INFO: Run Behavior\ContentReplaceBehavior [ RunTime:0.000214s ]
INFO: [ template_filter ] --END-- [ RunTime:0.000329s ]
INFO: Run Behavior\ParseTemplateBehavior [ RunTime:0.020289s ]
INFO: [ view_parse ] --END-- [ RunTime:0.020387s ]
INFO: [ view_filter ] --START--
INFO: Run Behavior\WriteHtmlCacheBehavior [ RunTime:0.000295s ]
INFO: [ view_filter ] --END-- [ RunTime:0.000344s ]
INFO: [ app_end ] --START--
INFO: Run Behavior\ShowPageTraceBehavior [ RunTime:0.000329s ]
INFO: [ app_end ] --END-- [ RunTime:0.000383s ]

[ 2016-09-18T14:18:08+08:00 ] 10.199.225.38 /BookManagerSystem/Home/Admin/check/comment/5614CE31042F4AF87AB39CD17ABBCA1A
INFO: [ app_init ] --START--
INFO: Run Behavior\BuildLiteBehavior [ RunTime:0.000016s ]
INFO: [ app_init ] --END-- [ RunTime:0.000117s ]
INFO: [ app_begin ] --START--
INFO: Run Behavior\ReadHtmlCacheBehavior [ RunTime:0.000258s ]
INFO: [ app_begin ] --END-- [ RunTime:0.000326s ]
SQL: SHOW COLUMNS FROM `bms_comments` [ RunTime:0.0037s ]
SQL: SELECT * FROM `bms_comments` WHERE ( guid='5614CE31042F4AF87AB39CD17ABBCA1A' )  [ RunTime:0.0004s ]
SQL: UPDATE `bms_comments` SET `ischeck`='0' WHERE ( guid='5614CE31042F4AF87AB39CD17ABBCA1A' ) [ RunTime:0.0169s ]

[ 2016-09-18T14:18:08+08:00 ] 10.199.225.38 /BookManagerSystem/Home/Admin/comments.html
INFO: [ app_init ] --START--
INFO: Run Behavior\BuildLiteBehavior [ RunTime:0.000015s ]
INFO: [ app_init ] --END-- [ RunTime:0.000112s ]
INFO: [ app_begin ] --START--
INFO: Run Behavior\ReadHtmlCacheBehavior [ RunTime:0.000257s ]
INFO: [ app_begin ] --END-- [ RunTime:0.000324s ]
SQL: SHOW COLUMNS FROM `bms_comments` [ RunTime:0.0037s ]
SQL: SELECT COUNT(*) AS tp_count FROM `bms_comments` LIMIT 1   [ RunTime:0.0003s ]
SQL: SELECT * FROM `bms_comments` ORDER BY ischeck ,time_stamp desc LIMIT 0,25   [ RunTime:0.0006s ]
INFO: [ view_parse ] --START--
INFO: [ template_filter ] --START--
INFO: Run Behavior\ContentReplaceBehavior [ RunTime:0.000133s ]
INFO: [ template_filter ] --END-- [ RunTime:0.000215s ]
INFO: Run Behavior\ParseTemplateBehavior [ RunTime:0.011198s ]
INFO: [ view_parse ] --END-- [ RunTime:0.011276s ]
INFO: [ view_filter ] --START--
INFO: Run Behavior\WriteHtmlCacheBehavior [ RunTime:0.000292s ]
INFO: [ view_filter ] --END-- [ RunTime:0.000348s ]
INFO: [ app_end ] --START--
INFO: Run Behavior\ShowPageTraceBehavior [ RunTime:0.000371s ]
INFO: [ app_end ] --END-- [ RunTime:0.000436s ]

[ 2016-09-18T14:18:10+08:00 ] 10.199.225.38 /BookManagerSystem/Home/Admin/
INFO: [ app_init ] --START--
INFO: Run Behavior\BuildLiteBehavior [ RunTime:0.000017s ]
INFO: [ app_init ] --END-- [ RunTime:0.000229s ]
INFO: [ app_begin ] --START--
INFO: Run Behavior\ReadHtmlCacheBehavior [ RunTime:0.000348s ]
INFO: [ app_begin ] --END-- [ RunTime:0.000416s ]
SQL: SELECT * FROM bms_notice ORDER BY time_stamp desc LIMIT 0,1 [ RunTime:0.0008s ]
SQL: SELECT * FROM bms_comments WHERE ischeck=0 ORDER BY time_stamp desc  [ RunTime:0.0007s ]
INFO: [ view_parse ] --START--
INFO: [ template_filter ] --START--
INFO: Run Behavior\ContentReplaceBehavior [ RunTime:0.000198s ]
INFO: [ template_filter ] --END-- [ RunTime:0.000314s ]
INFO: Run Behavior\ParseTemplateBehavior [ RunTime:0.017441s ]
INFO: [ view_parse ] --END-- [ RunTime:0.017579s ]
INFO: [ view_filter ] --START--
INFO: Run Behavior\WriteHtmlCacheBehavior [ RunTime:0.000661s ]
INFO: [ view_filter ] --END-- [ RunTime:0.000758s ]
INFO: [ app_end ] --START--
INFO: Run Behavior\ShowPageTraceBehavior [ RunTime:0.000781s ]
INFO: [ app_end ] --END-- [ RunTime:0.000893s ]

[ 2016-09-18T14:18:10+08:00 ] 10.199.225.38 /BookManagerSystem/Home/Admin/book/
INFO: [ app_init ] --START--
INFO: Run Behavior\BuildLiteBehavior [ RunTime:0.000026s ]
INFO: [ app_init ] --END-- [ RunTime:0.000198s ]
INFO: [ app_begin ] --START--
INFO: Run Behavior\ReadHtmlCacheBehavior [ RunTime:0.000583s ]
INFO: [ app_begin ] --END-- [ RunTime:0.000753s ]
SQL: SHOW COLUMNS FROM `bms_book` [ RunTime:0.0064s ]
SQL: SELECT COUNT(*) AS tp_count FROM `bms_book` LIMIT 1   [ RunTime:0.0005s ]
SQL: SELECT guid,title,author,reg_time_date,description,image,tag FROM bms_book ORDER BY reg_time_stamp DESC  LIMIT 0,16  [ RunTime:0.0008s ]
INFO: [ view_parse ] --START--
INFO: [ template_filter ] --START--
INFO: Run Behavior\ContentReplaceBehavior [ RunTime:0.000191s ]
INFO: [ template_filter ] --END-- [ RunTime:0.000304s ]
INFO: Run Behavior\ParseTemplateBehavior [ RunTime:0.029691s ]
INFO: [ view_parse ] --END-- [ RunTime:0.029851s ]
INFO: [ view_filter ] --START--
INFO: Run Behavior\WriteHtmlCacheBehavior [ RunTime:0.000524s ]
INFO: [ view_filter ] --END-- [ RunTime:0.000624s ]
INFO: [ app_end ] --START--
INFO: Run Behavior\ShowPageTraceBehavior [ RunTime:0.000672s ]
INFO: [ app_end ] --END-- [ RunTime:0.000781s ]

[ 2016-09-18T14:18:13+08:00 ] 10.199.225.38 /BookManagerSystem/Home/Admin/notice
INFO: [ app_init ] --START--
INFO: Run Behavior\BuildLiteBehavior [ RunTime:0.000020s ]
INFO: [ app_init ] --END-- [ RunTime:0.000386s ]
INFO: [ app_begin ] --START--
INFO: Run Behavior\ReadHtmlCacheBehavior [ RunTime:0.001060s ]
INFO: [ app_begin ] --END-- [ RunTime:0.001144s ]
SQL: SELECT * FROM bms_notice ORDER BY time_stamp DESC [ RunTime:0.0006s ]
INFO: [ view_parse ] --START--
INFO: [ template_filter ] --START--
INFO: Run Behavior\ContentReplaceBehavior [ RunTime:0.000153s ]
INFO: [ template_filter ] --END-- [ RunTime:0.000240s ]
INFO: Run Behavior\ParseTemplateBehavior [ RunTime:0.030247s ]
INFO: [ view_parse ] --END-- [ RunTime:0.030371s ]
INFO: [ view_filter ] --START--
INFO: Run Behavior\WriteHtmlCacheBehavior [ RunTime:0.000757s ]
INFO: [ view_filter ] --END-- [ RunTime:0.000825s ]
INFO: [ app_end ] --START--
INFO: Run Behavior\ShowPageTraceBehavior [ RunTime:0.000760s ]
INFO: [ app_end ] --END-- [ RunTime:0.000839s ]

[ 2016-09-18T14:18:16+08:00 ] 10.199.225.38 /BookManagerSystem/Home/Admin/comments
INFO: [ app_init ] --START--
INFO: Run Behavior\BuildLiteBehavior [ RunTime:0.000026s ]
INFO: [ app_init ] --END-- [ RunTime:0.000424s ]
INFO: [ app_begin ] --START--
INFO: Run Behavior\ReadHtmlCacheBehavior [ RunTime:0.000922s ]
INFO: [ app_begin ] --END-- [ RunTime:0.001029s ]
SQL: SHOW COLUMNS FROM `bms_comments` [ RunTime:0.0028s ]
SQL: SELECT COUNT(*) AS tp_count FROM `bms_comments` LIMIT 1   [ RunTime:0.0002s ]
SQL: SELECT * FROM `bms_comments` ORDER BY ischeck ,time_stamp desc LIMIT 0,25   [ RunTime:0.0004s ]
INFO: [ view_parse ] --START--
INFO: [ template_filter ] --START--
INFO: Run Behavior\ContentReplaceBehavior [ RunTime:0.000097s ]
INFO: [ template_filter ] --END-- [ RunTime:0.000149s ]
INFO: Run Behavior\ParseTemplateBehavior [ RunTime:0.009456s ]
INFO: [ view_parse ] --END-- [ RunTime:0.009517s ]
INFO: [ view_filter ] --START--
INFO: Run Behavior\WriteHtmlCacheBehavior [ RunTime:0.000594s ]
INFO: [ view_filter ] --END-- [ RunTime:0.000642s ]
INFO: [ app_end ] --START--
INFO: Run Behavior\ShowPageTraceBehavior [ RunTime:0.000511s ]
INFO: [ app_end ] --END-- [ RunTime:0.000563s ]

[ 2016-09-18T14:18:21+08:00 ] 10.199.225.38 /bookmanagersystem/Home/Index/comments/
INFO: [ app_init ] --START--
INFO: Run Behavior\BuildLiteBehavior [ RunTime:0.000030s ]
INFO: [ app_init ] --END-- [ RunTime:0.000484s ]
INFO: [ app_begin ] --START--
INFO: Run Behavior\ReadHtmlCacheBehavior [ RunTime:0.001058s ]
INFO: [ app_begin ] --END-- [ RunTime:0.001184s ]
SQL: SHOW COLUMNS FROM `bms_comments` [ RunTime:0.0060s ]
SQL: SELECT COUNT(*) AS tp_count FROM `bms_comments` WHERE ( ischeck = 1 ) LIMIT 1   [ RunTime:0.0006s ]
NOTIC: [8] Undefined variable: Page I:\appwork\xampp\htdocs\BookManagerSystem\Application\Home\Controller\IndexController.class.php 第 146 行.
NOTIC: [8] Trying to get property of non-object I:\appwork\xampp\htdocs\BookManagerSystem\Application\Home\Controller\IndexController.class.php 第 146 行.
NOTIC: [8] Undefined variable: Page I:\appwork\xampp\htdocs\BookManagerSystem\Application\Home\Controller\IndexController.class.php 第 146 行.
NOTIC: [8] Trying to get property of non-object I:\appwork\xampp\htdocs\BookManagerSystem\Application\Home\Controller\IndexController.class.php 第 146 行.
SQL: SELECT * FROM `bms_comments` WHERE ( ischeck = 1 ) ORDER BY time_stamp desc  [ RunTime:0.0009s ]
INFO: [ view_parse ] --START--
INFO: [ template_filter ] --START--
INFO: Run Behavior\ContentReplaceBehavior [ RunTime:0.000115s ]
INFO: [ template_filter ] --END-- [ RunTime:0.000182s ]
INFO: Run Behavior\ParseTemplateBehavior [ RunTime:0.047146s ]
INFO: [ view_parse ] --END-- [ RunTime:0.047265s ]
INFO: [ view_filter ] --START--
INFO: Run Behavior\WriteHtmlCacheBehavior [ RunTime:0.000662s ]
INFO: [ view_filter ] --END-- [ RunTime:0.000722s ]
INFO: [ app_end ] --START--
INFO: Run Behavior\ShowPageTraceBehavior [ RunTime:0.000709s ]
INFO: [ app_end ] --END-- [ RunTime:0.000777s ]

[ 2016-09-18T14:18:27+08:00 ] 10.199.225.38 /BookManagerSystem/Home/Index/notices/
INFO: [ app_init ] --START--
INFO: Run Behavior\BuildLiteBehavior [ RunTime:0.000020s ]
INFO: [ app_init ] --END-- [ RunTime:0.000334s ]
INFO: [ app_begin ] --START--
INFO: Run Behavior\ReadHtmlCacheBehavior [ RunTime:0.000711s ]
INFO: [ app_begin ] --END-- [ RunTime:0.000793s ]
SQL: SHOW COLUMNS FROM `bms_notice` [ RunTime:0.0044s ]
SQL: SELECT `guid`,`title`,`time_date`,`author` FROM `bms_notice` ORDER BY time_stamp desc  [ RunTime:0.0005s ]
INFO: [ view_parse ] --START--
INFO: [ template_filter ] --START--
INFO: Run Behavior\ContentReplaceBehavior [ RunTime:0.000182s ]
INFO: [ template_filter ] --END-- [ RunTime:0.000306s ]
INFO: Run Behavior\ParseTemplateBehavior [ RunTime:0.038599s ]
INFO: [ view_parse ] --END-- [ RunTime:0.038740s ]
INFO: [ view_filter ] --START--
INFO: Run Behavior\WriteHtmlCacheBehavior [ RunTime:0.001158s ]
INFO: [ view_filter ] --END-- [ RunTime:0.001271s ]
INFO: [ app_end ] --START--
INFO: Run Behavior\ShowPageTraceBehavior [ RunTime:0.001269s ]
INFO: [ app_end ] --END-- [ RunTime:0.001403s ]

[ 2016-09-18T14:18:28+08:00 ] 10.199.225.38 /BookManagerSystem/Home/Index/notice/view/9A429050FE0AAA68F8D6DCF18A2A0D62
INFO: [ app_init ] --START--
INFO: Run Behavior\BuildLiteBehavior [ RunTime:0.000028s ]
INFO: [ app_init ] --END-- [ RunTime:0.000208s ]
INFO: [ app_begin ] --START--
INFO: Run Behavior\ReadHtmlCacheBehavior [ RunTime:0.000810s ]
INFO: [ app_begin ] --END-- [ RunTime:0.000928s ]
SQL: SHOW COLUMNS FROM `bms_notice` [ RunTime:0.0060s ]
SQL: SELECT * FROM `bms_notice` WHERE ( guid = '9A429050FE0AAA68F8D6DCF18A2A0D62' ) LIMIT 1   [ RunTime:0.0007s ]
INFO: [ view_parse ] --START--
INFO: [ template_filter ] --START--
INFO: Run Behavior\ContentReplaceBehavior [ RunTime:0.000083s ]
INFO: [ template_filter ] --END-- [ RunTime:0.000150s ]
INFO: Run Behavior\ParseTemplateBehavior [ RunTime:0.009123s ]
INFO: [ view_parse ] --END-- [ RunTime:0.009218s ]
INFO: [ view_filter ] --START--
INFO: Run Behavior\WriteHtmlCacheBehavior [ RunTime:0.000446s ]
INFO: [ view_filter ] --END-- [ RunTime:0.000495s ]
INFO: [ app_end ] --START--
INFO: Run Behavior\ShowPageTraceBehavior [ RunTime:0.000419s ]
INFO: [ app_end ] --END-- [ RunTime:0.000468s ]

[ 2016-09-18T14:18:30+08:00 ] 10.199.225.38 /BookManagerSystem/Home/Index/about/
INFO: [ app_init ] --START--
INFO: Run Behavior\BuildLiteBehavior [ RunTime:0.000030s ]
INFO: [ app_init ] --END-- [ RunTime:0.000495s ]
INFO: [ app_begin ] --START--
INFO: Run Behavior\ReadHtmlCacheBehavior [ RunTime:0.001046s ]
INFO: [ app_begin ] --END-- [ RunTime:0.001168s ]
INFO: [ view_parse ] --START--
INFO: [ template_filter ] --START--
INFO: Run Behavior\ContentReplaceBehavior [ RunTime:0.000099s ]
INFO: [ template_filter ] --END-- [ RunTime:0.000173s ]
INFO: Run Behavior\ParseTemplateBehavior [ RunTime:0.010384s ]
INFO: [ view_parse ] --END-- [ RunTime:0.010512s ]
INFO: [ view_filter ] --START--
INFO: Run Behavior\WriteHtmlCacheBehavior [ RunTime:0.000681s ]
INFO: [ view_filter ] --END-- [ RunTime:0.000742s ]
INFO: [ app_end ] --START--
INFO: Run Behavior\ShowPageTraceBehavior [ RunTime:0.000654s ]
INFO: [ app_end ] --END-- [ RunTime:0.000716s ]

[ 2016-09-18T14:18:34+08:00 ] 10.199.225.38 /BookManagerSystem/Home/Index/comments/
INFO: [ app_init ] --START--
INFO: Run Behavior\BuildLiteBehavior [ RunTime:0.000029s ]
INFO: [ app_init ] --END-- [ RunTime:0.000496s ]
INFO: [ app_begin ] --START--
INFO: Run Behavior\ReadHtmlCacheBehavior [ RunTime:0.001248s ]
INFO: [ app_begin ] --END-- [ RunTime:0.001335s ]
SQL: SHOW COLUMNS FROM `bms_comments` [ RunTime:0.0027s ]
SQL: SELECT COUNT(*) AS tp_count FROM `bms_comments` WHERE ( ischeck = 1 ) LIMIT 1   [ RunTime:0.0003s ]
NOTIC: [8] Undefined variable: Page I:\appwork\xampp\htdocs\BookManagerSystem\Application\Home\Controller\IndexController.class.php 第 146 行.
NOTIC: [8] Trying to get property of non-object I:\appwork\xampp\htdocs\BookManagerSystem\Application\Home\Controller\IndexController.class.php 第 146 行.
NOTIC: [8] Undefined variable: Page I:\appwork\xampp\htdocs\BookManagerSystem\Application\Home\Controller\IndexController.class.php 第 146 行.
NOTIC: [8] Trying to get property of non-object I:\appwork\xampp\htdocs\BookManagerSystem\Application\Home\Controller\IndexController.class.php 第 146 行.
SQL: SELECT * FROM `bms_comments` WHERE ( ischeck = 1 ) ORDER BY time_stamp desc  [ RunTime:0.0004s ]
INFO: [ view_parse ] --START--
INFO: [ template_filter ] --START--
INFO: Run Behavior\ContentReplaceBehavior [ RunTime:0.000090s ]
INFO: [ template_filter ] --END-- [ RunTime:0.000142s ]
INFO: Run Behavior\ParseTemplateBehavior [ RunTime:0.008626s ]
INFO: [ view_parse ] --END-- [ RunTime:0.008687s ]
INFO: [ view_filter ] --START--
INFO: Run Behavior\WriteHtmlCacheBehavior [ RunTime:0.000495s ]
INFO: [ view_filter ] --END-- [ RunTime:0.000542s ]
INFO: [ app_end ] --START--
INFO: Run Behavior\ShowPageTraceBehavior [ RunTime:0.000498s ]
INFO: [ app_end ] --END-- [ RunTime:0.000549s ]

[ 2016-09-18T14:18:35+08:00 ] 10.199.225.38 /BookManagerSystem/Home/Index/book/
INFO: [ app_init ] --START--
INFO: Run Behavior\BuildLiteBehavior [ RunTime:0.000026s ]
INFO: [ app_init ] --END-- [ RunTime:0.000200s ]
INFO: [ app_begin ] --START--
INFO: Run Behavior\ReadHtmlCacheBehavior [ RunTime:0.001157s ]
INFO: [ app_begin ] --END-- [ RunTime:0.001467s ]
SQL: SHOW COLUMNS FROM `bms_book` [ RunTime:0.0062s ]
SQL: SELECT COUNT(*) AS tp_count FROM `bms_book` LIMIT 1   [ RunTime:0.0005s ]
NOTIC: [8] Undefined variable: Page I:\appwork\xampp\htdocs\BookManagerSystem\Application\Home\Controller\IndexController.class.php 第 45 行.
NOTIC: [8] Trying to get property of non-object I:\appwork\xampp\htdocs\BookManagerSystem\Application\Home\Controller\IndexController.class.php 第 45 行.
NOTIC: [8] Undefined variable: Page I:\appwork\xampp\htdocs\BookManagerSystem\Application\Home\Controller\IndexController.class.php 第 45 行.
NOTIC: [8] Trying to get property of non-object I:\appwork\xampp\htdocs\BookManagerSystem\Application\Home\Controller\IndexController.class.php 第 45 行.
SQL: SELECT `guid`,`reg_time_date`,`title`,`author`,`description`,`image`,`tag` FROM `bms_book` ORDER BY reg_time_stamp desc  [ RunTime:0.0008s ]
INFO: [ view_parse ] --START--
INFO: [ template_filter ] --START--
INFO: Run Behavior\ContentReplaceBehavior [ RunTime:0.000224s ]
INFO: [ template_filter ] --END-- [ RunTime:0.000353s ]
INFO: Run Behavior\ParseTemplateBehavior [ RunTime:0.051926s ]
INFO: [ view_parse ] --END-- [ RunTime:0.052067s ]
INFO: [ view_filter ] --START--
INFO: Run Behavior\WriteHtmlCacheBehavior [ RunTime:0.000878s ]
INFO: [ view_filter ] --END-- [ RunTime:0.000975s ]
INFO: [ app_end ] --START--
INFO: Run Behavior\ShowPageTraceBehavior [ RunTime:0.000891s ]
INFO: [ app_end ] --END-- [ RunTime:0.001004s ]

[ 2016-09-18T14:18:59+08:00 ] 10.199.225.38 /bookmanagersystem/Home/Index/search/content/pos/type/title/time/reg_time_stamp/order/desc
INFO: [ app_init ] --START--
INFO: Run Behavior\BuildLiteBehavior [ RunTime:0.000030s ]
INFO: [ app_init ] --END-- [ RunTime:0.000485s ]
INFO: [ app_begin ] --START--
INFO: Run Behavior\ReadHtmlCacheBehavior [ RunTime:0.001045s ]
INFO: [ app_begin ] --END-- [ RunTime:0.001170s ]
SQL: SHOW COLUMNS FROM `bms_book` [ RunTime:0.0027s ]
SQL: SELECT `guid`,`reg_time_date`,`title`,`author`,`description`,`image`,`tag` FROM `bms_book` WHERE ( title like "%pos%" ) ORDER BY reg_time_stamp desc  [ RunTime:0.0003s ]
INFO: [ view_parse ] --START--
INFO: [ template_filter ] --START--
INFO: Run Behavior\ContentReplaceBehavior [ RunTime:0.000229s ]
INFO: [ template_filter ] --END-- [ RunTime:0.000353s ]
NOTIC: [8] Undefined variable: show I:\appwork\xampp\htdocs\BookManagerSystem\Application\Runtime\Cache\Home\bf3b4465296514de17e1f8dd92d84602.php 第 155 行.
INFO: Run Behavior\ParseTemplateBehavior [ RunTime:0.115743s ]
INFO: [ view_parse ] --END-- [ RunTime:0.115862s ]
INFO: [ view_filter ] --START--
INFO: Run Behavior\WriteHtmlCacheBehavior [ RunTime:0.001155s ]
INFO: [ view_filter ] --END-- [ RunTime:0.001257s ]
INFO: [ app_end ] --START--
INFO: Run Behavior\ShowPageTraceBehavior [ RunTime:0.001077s ]
INFO: [ app_end ] --END-- [ RunTime:0.001216s ]

[ 2016-09-18T14:19:09+08:00 ] 10.199.225.38 /bookmanagersystem/Home/Index/search/content/pos/type/author/time/reg_time_stamp/order/desc
INFO: [ app_init ] --START--
INFO: Run Behavior\BuildLiteBehavior [ RunTime:0.000016s ]
INFO: [ app_init ] --END-- [ RunTime:0.000218s ]
INFO: [ app_begin ] --START--
INFO: Run Behavior\ReadHtmlCacheBehavior [ RunTime:0.000329s ]
INFO: [ app_begin ] --END-- [ RunTime:0.000395s ]
SQL: SHOW COLUMNS FROM `bms_book` [ RunTime:0.0033s ]
SQL: SELECT `guid`,`reg_time_date`,`title`,`author`,`description`,`image`,`tag` FROM `bms_book` WHERE ( author like "%pos%" ) ORDER BY reg_time_stamp desc  [ RunTime:0.0004s ]
INFO: [ view_parse ] --START--
INFO: [ template_filter ] --START--
INFO: Run Behavior\ContentReplaceBehavior [ RunTime:0.000117s ]
INFO: [ template_filter ] --END-- [ RunTime:0.000177s ]
NOTIC: [8] Undefined variable: show I:\appwork\xampp\htdocs\BookManagerSystem\Application\Runtime\Cache\Home\bf3b4465296514de17e1f8dd92d84602.php 第 155 行.
INFO: Run Behavior\ParseTemplateBehavior [ RunTime:0.011342s ]
INFO: [ view_parse ] --END-- [ RunTime:0.011406s ]
INFO: [ view_filter ] --START--
INFO: Run Behavior\WriteHtmlCacheBehavior [ RunTime:0.000373s ]
INFO: [ view_filter ] --END-- [ RunTime:0.000426s ]
INFO: [ app_end ] --START--
INFO: Run Behavior\ShowPageTraceBehavior [ RunTime:0.000393s ]
INFO: [ app_end ] --END-- [ RunTime:0.000443s ]

[ 2016-09-18T14:19:20+08:00 ] 10.199.225.38 /BookManagerSystem/Home/Index/view/book/17620AA714FE20C3333802BA67277AD1
INFO: [ app_init ] --START--
INFO: Run Behavior\BuildLiteBehavior [ RunTime:0.000026s ]
INFO: [ app_init ] --END-- [ RunTime:0.000431s ]
INFO: [ app_begin ] --START--
INFO: Run Behavior\ReadHtmlCacheBehavior [ RunTime:0.000930s ]
INFO: [ app_begin ] --END-- [ RunTime:0.001039s ]
SQL: SHOW COLUMNS FROM `bms_book` [ RunTime:0.0030s ]
SQL: SELECT * FROM `bms_book` WHERE ( guid='17620AA714FE20C3333802BA67277AD1' ) LIMIT 1   [ RunTime:0.0003s ]
INFO: [ view_parse ] --START--
INFO: [ template_filter ] --START--
INFO: Run Behavior\ContentReplaceBehavior [ RunTime:0.000080s ]
INFO: [ template_filter ] --END-- [ RunTime:0.000131s ]
INFO: Run Behavior\ParseTemplateBehavior [ RunTime:0.044268s ]
INFO: [ view_parse ] --END-- [ RunTime:0.044396s ]
INFO: [ view_filter ] --START--
INFO: Run Behavior\WriteHtmlCacheBehavior [ RunTime:0.001140s ]
INFO: [ view_filter ] --END-- [ RunTime:0.001244s ]
INFO: [ app_end ] --START--
INFO: Run Behavior\ShowPageTraceBehavior [ RunTime:0.001160s ]
INFO: [ app_end ] --END-- [ RunTime:0.001275s ]

